<?xml version="1.0" encoding="UTF-8"?>
<testsuite name="net.absoft.mortalwombat.AgeCheckerTest" tests="2" skipped="0" failures="0" errors="0" timestamp="2023-02-09T21:19:10" hostname="DESKTOP-0P1C5A3" time="0.0">
  <properties/>
  <testcase name="testAgeUserAblePlayGame" classname="net.absoft.mortalwombat.AgeCheckerTest" time="0.0"/>
  <testcase name="testAgeUserCantPlayGame" classname="net.absoft.mortalwombat.AgeCheckerTest" time="0.0"/>
  <system-out><![CDATA[]]></system-out>
  <system-err><![CDATA[]]></system-err>
</testsuite>
