<?xml version="1.0" encoding="UTF-8"?>
<testsuite name="absofy.Discriminant.Executor.DiscriminantExecutorTest" tests="3" skipped="0" failures="0" errors="0" timestamp="2023-02-09T21:19:10" hostname="DESKTOP-0P1C5A3" time="0.016">
  <properties/>
  <testcase name="ReturnNullIfDiscriminantBelowZeroTest" classname="absofy.Discriminant.Executor.DiscriminantExecutorTest" time="0.016"/>
  <testcase name="ReturnRootsIfDiscriminantEqualZeroTest" classname="absofy.Discriminant.Executor.DiscriminantExecutorTest" time="0.0"/>
  <testcase name="ReturnRootsIfDiscriminantMoreZeroTest" classname="absofy.Discriminant.Executor.DiscriminantExecutorTest" time="0.0"/>
  <system-out><![CDATA[]]></system-out>
  <system-err><![CDATA[]]></system-err>
</testsuite>
